<?xml version="1.0" encoding="UTF-8"?>
<testsuite xmlns:xsi="http://www.w3.org/2001/XMLSchema-instance" xsi:noNamespaceSchemaLocation="https://maven.apache.org/surefire/maven-surefire-plugin/xsd/surefire-test-report-3.0.xsd" version="3.0" name="Triangle.ControllerTest" time="0.062" tests="10" errors="0" skipped="0" failures="0">
  <properties>
[...]
</properties>
  <testcase name="isValidTriangle" classname="Triangle.ControllerTest" time="0.025"/>
  <testcase name="isNotIsoscelesTriangle" classname="Triangle.ControllerTest" time="0.004"/>
  <testcase name="isIsoscelesTriangle" classname="Triangle.ControllerTest" time="0.002"/>
  <testcase name="isNotValidArrayForATriangle" classname="Triangle.ControllerTest" time="0.001"/>
  <testcase name="isNotEquilateralTriangle" classname="Triangle.ControllerTest" time="0"/>
  <testcase name="isScaleneTriangle" classname="Triangle.ControllerTest" time="0.001"/>
  <testcase name="isNotScaleneTriangle" classname="Triangle.ControllerTest" time="0.001"/>
  <testcase name="isEquilateralTriangle" classname="Triangle.ControllerTest" time="0.001"/>
  <testcase name="isNotValidTriangle" classname="Triangle.ControllerTest" time="0.001"/>
  <testcase name="isNotValidBoundaryTriangle" classname="Triangle.ControllerTest" time="0.001"/>
</testsuite>